********************************************************************************
DUPLICATOR-LITE PACKAGE-LOG: 27. May 2019 7:18
NOTICE: Do NOT post to public sites or forums 
********************************************************************************
VERSION:	1.3.14
WORDPRESS:	5.2.1
PHP INFO:	7.3.3 | SAPI: apache2handler
SERVER:		Apache/2.4.38 (Win64) OpenSSL/1.1.1b PHP/7.3.3 
PHP TIME LIMIT: (0) no time limit imposed 
PHP MAX MEMORY: 4294967296 (128M default) 
MEMORY STACK: 2MB 

********************************************************************************
DATABASE:
********************************************************************************
BUILD MODE:   MYSQLDUMP
MYSQLTIMEOUT: 5000
MYSQLDUMP:    Is Supported 
SQL CREATED: 20190527_enkhoholdinggmbh_roh_1055b3336b4792b68550_20190527071827_database.sql 
SQL FILE SIZE: 339.09KB (347225) 
SQL FILE TIME: 2019-05-27 07:19:00 
SQL RUNTIME: 2.13 sec. 

******************************************************************************** 
ARCHIVE (ZIP): 
******************************************************************************** 
ARCHIVE DIR:  C:/xampp/htdocs/enkhohome 
ARCHIVE FILE: 20190527_enkhoholdinggmbh_roh_1055b3336b4792b68550_20190527071827_archive.zip 
FILTERS: *OFF* 
DIRS:
	not set 
FILES:
	not set 
EXTS:  not set 
---------------------------------------- 
COMPRESSING 
SIZE:	70.56MB 
STATS:	Dirs 267 | Files 2,330 
SQL ADDED: 20190527_enkhoholdinggmbh_roh_1055b3336b4792b68550_20190527071827_database.sql 
ZipArchive Object
(
    [status] => 0
    [statusSys] => 0
    [numFiles] => 2597
    [filename] => C:\xampp\htdocs\enkhohome\wp-snapshots\tmp\20190527_enkhoholdinggmbh_roh_1055b3336b4792b68550_20190527071827_archive.zip
    [comment] => 
)
 
FILE ADDED TO ZIP: 2596 
COMPRESSION RESULT: '1' 
COMPRESSED SIZE: 33.54MB 
ARCHIVE RUNTIME: 26.07 sec. 
MEMORY STACK: 66MB 
building installer 
add_extra_files1 
add_extra_files2 
add_extra_files3 
add_extra_files4 
Doing archive file check 
add_extra_files5 
add_extra_files6 
add_extra_files8 
Successfully opened zip C:/xampp/htdocs/enkhohome/wp-snapshots/tmp/20190527_enkhoholdinggmbh_roh_1055b3336b4792b68550_20190527071827_archive.zip 
Adding enhanced installer files to archive using ZipArchive 
Installer files added to archive 
Added to archive 
After ziparchive close when adding installer 

******************************************************************************** 
INTEGRITY CHECKS: 
******************************************************************************** 
SQL FILE: 339.09KB 
INSTALLER FILE: 47.41KB 
ARCHIVE FILE: 34.83MB  
EXPECTED FILE/DIRECTORY COUNT: 2,597 
ACTUAL FILE/DIRECTORY COUNT: 2,596 
ARCHIVE CONSISTENCY TEST: Pass 

********************************************************************************
RECORD ID:[1]
TOTAL PROCESS RUNTIME: 29.50 sec.
PEAK PHP MEMORY USED: 66MB
DONE PROCESSING => 20190527_enkhoholdinggmbh_roh 27. May 2019 7:19
 
